0 info it worked if it ends with ok
1 verbose cli [ '/usr/local/Cellar/node@6/6.11.1/bin/node',
1 verbose cli   '/usr/local/bin/npm',
1 verbose cli   'run',
1 verbose cli   'unit' ]
2 info using npm@3.10.10
3 info using node@v6.11.1
4 verbose run-script [ 'preunit', 'unit', 'postunit' ]
5 info lifecycle nyclapp@1.0.0~preunit: nyclapp@1.0.0
6 silly lifecycle nyclapp@1.0.0~preunit: no script for preunit, continuing
7 info lifecycle nyclapp@1.0.0~unit: nyclapp@1.0.0
8 verbose lifecycle nyclapp@1.0.0~unit: unsafe-perm in lifecycle true
9 verbose lifecycle nyclapp@1.0.0~unit: PATH: /usr/local/lib/node_modules/npm/bin/node-gyp-bin:/Users/simonpark/nycl-ui/node_modules/.bin:/usr/local/Cellar/node@6/6.11.1/bin:/Users/simonpark/.jenv/shims:/Users/simonpark/.jenv/bin:/usr/local/opt/node@6/bin:/usr/local/bin:/usr/bin:/bin:/usr/sbin:/sbin:/usr/local/sbin
10 verbose lifecycle nyclapp@1.0.0~unit: CWD: /Users/simonpark/nycl-ui
11 silly lifecycle nyclapp@1.0.0~unit: Args: [ '-c',
11 silly lifecycle   'cross-env BABEL_ENV=test karma start test/unit/karma.conf.js --single-run' ]
12 silly lifecycle nyclapp@1.0.0~unit: Returned: code: 1  signal: null
13 info lifecycle nyclapp@1.0.0~unit: Failed to exec unit script
14 verbose stack Error: nyclapp@1.0.0 unit: `cross-env BABEL_ENV=test karma start test/unit/karma.conf.js --single-run`
14 verbose stack Exit status 1
14 verbose stack     at EventEmitter.<anonymous> (/usr/local/lib/node_modules/npm/lib/utils/lifecycle.js:255:16)
14 verbose stack     at emitTwo (events.js:106:13)
14 verbose stack     at EventEmitter.emit (events.js:191:7)
14 verbose stack     at ChildProcess.<anonymous> (/usr/local/lib/node_modules/npm/lib/utils/spawn.js:40:14)
14 verbose stack     at emitTwo (events.js:106:13)
14 verbose stack     at ChildProcess.emit (events.js:191:7)
14 verbose stack     at maybeClose (internal/child_process.js:891:16)
14 verbose stack     at Process.ChildProcess._handle.onexit (internal/child_process.js:226:5)
15 verbose pkgid nyclapp@1.0.0
16 verbose cwd /Users/simonpark/nycl-ui
17 error Darwin 17.7.0
18 error argv "/usr/local/Cellar/node@6/6.11.1/bin/node" "/usr/local/bin/npm" "run" "unit"
19 error node v6.11.1
20 error npm  v3.10.10
21 error code ELIFECYCLE
22 error nyclapp@1.0.0 unit: `cross-env BABEL_ENV=test karma start test/unit/karma.conf.js --single-run`
22 error Exit status 1
23 error Failed at the nyclapp@1.0.0 unit script 'cross-env BABEL_ENV=test karma start test/unit/karma.conf.js --single-run'.
23 error Make sure you have the latest version of node.js and npm installed.
23 error If you do, this is most likely a problem with the nyclapp package,
23 error not with npm itself.
23 error Tell the author that this fails on your system:
23 error     cross-env BABEL_ENV=test karma start test/unit/karma.conf.js --single-run
23 error You can get information on how to open an issue for this project with:
23 error     npm bugs nyclapp
23 error Or if that isn't available, you can get their info via:
23 error     npm owner ls nyclapp
23 error There is likely additional logging output above.
24 verbose exit [ 1, true ]
